<?xml version="1.0" encoding="UTF-8"?>
<!-- Generated by org.testng.reporters.JUnitReportReporter -->
<testsuite hostname="LAPTOP-MBBABO35" failures="0" tests="1" name="testCases.TC001_AccountRegistrationTest" time="2.762" errors="0" timestamp="2025-04-11T19:17:48 IST" skipped="0">
  <testcase classname="testCases.TC001_AccountRegistrationTest" name="verify_account_registration" time="2.762"/>
</testsuite> <!-- testCases.TC001_AccountRegistrationTest -->
